Started GET "/" for 127.0.0.1 at 2025-02-23 14:13:53 +0800
  
ActionController::RoutingError (uninitialized constant WelcomeController)
Caused by: ActionDispatch::MissingController (uninitialized constant WelcomeController)
Caused by: NameError (uninitialized constant WelcomeController)

Information for: ActionController::RoutingError (uninitialized constant WelcomeController):
  

Information for cause: ActionDispatch::MissingController (uninitialized constant WelcomeController):
  
actionpack (8.0.1) lib/action_dispatch/http/request.rb:102:in `rescue in controller_class_for'
actionpack (8.0.1) lib/action_dispatch/http/request.rb:98:in `controller_class_for'
actionpack (8.0.1) lib/action_dispatch/http/request.rb:91:in `controller_class'
actionpack (8.0.1) lib/action_dispatch/routing/route_set.rb:61:in `controller'
actionpack (8.0.1) lib/action_dispatch/routing/route_set.rb:48:in `serve'
actionpack (8.0.1) lib/action_dispatch/journey/router.rb:53:in `block in serve'
actionpack (8.0.1) lib/action_dispatch/journey/router.rb:133:in `block in find_routes'
actionpack (8.0.1) lib/action_dispatch/journey/router.rb:126:in `each'
actionpack (8.0.1) lib/action_dispatch/journey/router.rb:126:in `find_routes'
actionpack (8.0.1) lib/action_dispatch/journey/router.rb:34:in `serve'
actionpack (8.0.1) lib/action_dispatch/routing/route_set.rb:908:in `call'
railties (8.0.1) lib/rails/engine/lazy_route_set.rb:68:in `call'
rack (3.1.10) lib/rack/tempfile_reaper.rb:20:in `call'
rack (3.1.10) lib/rack/etag.rb:29:in `call'
rack (3.1.10) lib/rack/conditional_get.rb:31:in `call'
rack (3.1.10) lib/rack/head.rb:15:in `call'
actionpack (8.0.1) lib/action_dispatch/http/permissions_policy.rb:38:in `call'
actionpack (8.0.1) lib/action_dispatch/http/content_security_policy.rb:38:in `call'
rack-session (2.1.0) lib/rack/session/abstract/id.rb:274:in `context'
rack-session (2.1.0) lib/rack/session/abstract/id.rb:268:in `call'
actionpack (8.0.1) lib/action_dispatch/middleware/cookies.rb:706:in `call'
actionpack (8.0.1) lib/action_dispatch/middleware/callbacks.rb:31:in `block in call'
activesupport (8.0.1) lib/active_support/callbacks.rb:100:in `run_callbacks'
actionpack (8.0.1) lib/action_dispatch/middleware/callbacks.rb:30:in `call'
actionpack (8.0.1) lib/action_dispatch/middleware/executor.rb:16:in `call'
actionpack (8.0.1) lib/action_dispatch/middleware/actionable_exceptions.rb:18:in `call'
actionpack (8.0.1) lib/action_dispatch/middleware/debug_exceptions.rb:31:in `call'
web-console (4.2.1) lib/web_console/middleware.rb:132:in `call_app'
web-console (4.2.1) lib/web_console/middleware.rb:28:in `block in call'
web-console (4.2.1) lib/web_console/middleware.rb:17:in `catch'
web-console (4.2.1) lib/web_console/middleware.rb:17:in `call'
actionpack (8.0.1) lib/action_dispatch/middleware/show_exceptions.rb:32:in `call'
railties (8.0.1) lib/rails/rack/logger.rb:41:in `call_app'
railties (8.0.1) lib/rails/rack/logger.rb:29:in `call'
actionpack (8.0.1) lib/action_dispatch/middleware/remote_ip.rb:96:in `call'
actionpack (8.0.1) lib/action_dispatch/middleware/request_id.rb:34:in `call'
rack (3.1.10) lib/rack/method_override.rb:28:in `call'
rack (3.1.10) lib/rack/runtime.rb:24:in `call'
actionpack (8.0.1) lib/action_dispatch/middleware/server_timing.rb:61:in `block in call'
actionpack (8.0.1) lib/action_dispatch/middleware/server_timing.rb:26:in `collect_events'
actionpack (8.0.1) lib/action_dispatch/middleware/server_timing.rb:60:in `call'
actionpack (8.0.1) lib/action_dispatch/middleware/executor.rb:16:in `call'
actionpack (8.0.1) lib/action_dispatch/middleware/static.rb:27:in `call'
rack (3.1.10) lib/rack/sendfile.rb:114:in `call'
actionpack (8.0.1) lib/action_dispatch/middleware/host_authorization.rb:143:in `call'
railties (8.0.1) lib/rails/engine.rb:535:in `call'
puma (6.6.0) lib/puma/configuration.rb:279:in `call'
puma (6.6.0) lib/puma/request.rb:99:in `block in handle_request'
puma (6.6.0) lib/puma/thread_pool.rb:390:in `with_force_shutdown'
puma (6.6.0) lib/puma/request.rb:98:in `handle_request'
puma (6.6.0) lib/puma/server.rb:472:in `process_client'
puma (6.6.0) lib/puma/server.rb:254:in `block in run'
puma (6.6.0) lib/puma/thread_pool.rb:167:in `block in spawn_thread'

Information for cause: NameError (uninitialized constant WelcomeController):
  
activesupport (8.0.1) lib/active_support/inflector/methods.rb:290:in `const_get'
activesupport (8.0.1) lib/active_support/inflector/methods.rb:290:in `constantize'
activesupport (8.0.1) lib/active_support/core_ext/string/inflections.rb:74:in `constantize'
actionpack (8.0.1) lib/action_dispatch/http/request.rb:99:in `controller_class_for'
actionpack (8.0.1) lib/action_dispatch/http/request.rb:91:in `controller_class'
actionpack (8.0.1) lib/action_dispatch/routing/route_set.rb:61:in `controller'
actionpack (8.0.1) lib/action_dispatch/routing/route_set.rb:48:in `serve'
actionpack (8.0.1) lib/action_dispatch/journey/router.rb:53:in `block in serve'
actionpack (8.0.1) lib/action_dispatch/journey/router.rb:133:in `block in find_routes'
actionpack (8.0.1) lib/action_dispatch/journey/router.rb:126:in `each'
actionpack (8.0.1) lib/action_dispatch/journey/router.rb:126:in `find_routes'
actionpack (8.0.1) lib/action_dispatch/journey/router.rb:34:in `serve'
actionpack (8.0.1) lib/action_dispatch/routing/route_set.rb:908:in `call'
railties (8.0.1) lib/rails/engine/lazy_route_set.rb:68:in `call'
rack (3.1.10) lib/rack/tempfile_reaper.rb:20:in `call'
rack (3.1.10) lib/rack/etag.rb:29:in `call'
rack (3.1.10) lib/rack/conditional_get.rb:31:in `call'
rack (3.1.10) lib/rack/head.rb:15:in `call'
actionpack (8.0.1) lib/action_dispatch/http/permissions_policy.rb:38:in `call'
actionpack (8.0.1) lib/action_dispatch/http/content_security_policy.rb:38:in `call'
rack-session (2.1.0) lib/rack/session/abstract/id.rb:274:in `context'
rack-session (2.1.0) lib/rack/session/abstract/id.rb:268:in `call'
actionpack (8.0.1) lib/action_dispatch/middleware/cookies.rb:706:in `call'
actionpack (8.0.1) lib/action_dispatch/middleware/callbacks.rb:31:in `block in call'
activesupport (8.0.1) lib/active_support/callbacks.rb:100:in `run_callbacks'
actionpack (8.0.1) lib/action_dispatch/middleware/callbacks.rb:30:in `call'
actionpack (8.0.1) lib/action_dispatch/middleware/executor.rb:16:in `call'
actionpack (8.0.1) lib/action_dispatch/middleware/actionable_exceptions.rb:18:in `call'
actionpack (8.0.1) lib/action_dispatch/middleware/debug_exceptions.rb:31:in `call'
web-console (4.2.1) lib/web_console/middleware.rb:132:in `call_app'
web-console (4.2.1) lib/web_console/middleware.rb:28:in `block in call'
web-console (4.2.1) lib/web_console/middleware.rb:17:in `catch'
web-console (4.2.1) lib/web_console/middleware.rb:17:in `call'
actionpack (8.0.1) lib/action_dispatch/middleware/show_exceptions.rb:32:in `call'
railties (8.0.1) lib/rails/rack/logger.rb:41:in `call_app'
railties (8.0.1) lib/rails/rack/logger.rb:29:in `call'
actionpack (8.0.1) lib/action_dispatch/middleware/remote_ip.rb:96:in `call'
actionpack (8.0.1) lib/action_dispatch/middleware/request_id.rb:34:in `call'
rack (3.1.10) lib/rack/method_override.rb:28:in `call'
rack (3.1.10) lib/rack/runtime.rb:24:in `call'
actionpack (8.0.1) lib/action_dispatch/middleware/server_timing.rb:61:in `block in call'
actionpack (8.0.1) lib/action_dispatch/middleware/server_timing.rb:26:in `collect_events'
actionpack (8.0.1) lib/action_dispatch/middleware/server_timing.rb:60:in `call'
actionpack (8.0.1) lib/action_dispatch/middleware/executor.rb:16:in `call'
actionpack (8.0.1) lib/action_dispatch/middleware/static.rb:27:in `call'
rack (3.1.10) lib/rack/sendfile.rb:114:in `call'
actionpack (8.0.1) lib/action_dispatch/middleware/host_authorization.rb:143:in `call'
railties (8.0.1) lib/rails/engine.rb:535:in `call'
puma (6.6.0) lib/puma/configuration.rb:279:in `call'
puma (6.6.0) lib/puma/request.rb:99:in `block in handle_request'
puma (6.6.0) lib/puma/thread_pool.rb:390:in `with_force_shutdown'
puma (6.6.0) lib/puma/request.rb:98:in `handle_request'
puma (6.6.0) lib/puma/server.rb:472:in `process_client'
puma (6.6.0) lib/puma/server.rb:254:in `block in run'
puma (6.6.0) lib/puma/thread_pool.rb:167:in `block in spawn_thread'
Started GET "/" for 127.0.0.1 at 2025-02-23 14:13:55 +0800
  
ActionController::RoutingError (uninitialized constant WelcomeController)
Caused by: ActionDispatch::MissingController (uninitialized constant WelcomeController)
Caused by: NameError (uninitialized constant WelcomeController)

Information for: ActionController::RoutingError (uninitialized constant WelcomeController):
  

Information for cause: ActionDispatch::MissingController (uninitialized constant WelcomeController):
  
actionpack (8.0.1) lib/action_dispatch/http/request.rb:102:in `rescue in controller_class_for'
actionpack (8.0.1) lib/action_dispatch/http/request.rb:98:in `controller_class_for'
actionpack (8.0.1) lib/action_dispatch/http/request.rb:91:in `controller_class'
actionpack (8.0.1) lib/action_dispatch/routing/route_set.rb:61:in `controller'
actionpack (8.0.1) lib/action_dispatch/routing/route_set.rb:48:in `serve'
actionpack (8.0.1) lib/action_dispatch/journey/router.rb:53:in `block in serve'
actionpack (8.0.1) lib/action_dispatch/journey/router.rb:133:in `block in find_routes'
actionpack (8.0.1) lib/action_dispatch/journey/router.rb:126:in `each'
actionpack (8.0.1) lib/action_dispatch/journey/router.rb:126:in `find_routes'
actionpack (8.0.1) lib/action_dispatch/journey/router.rb:34:in `serve'
actionpack (8.0.1) lib/action_dispatch/routing/route_set.rb:908:in `call'
railties (8.0.1) lib/rails/engine/lazy_route_set.rb:68:in `call'
rack (3.1.10) lib/rack/tempfile_reaper.rb:20:in `call'
rack (3.1.10) lib/rack/etag.rb:29:in `call'
rack (3.1.10) lib/rack/conditional_get.rb:31:in `call'
rack (3.1.10) lib/rack/head.rb:15:in `call'
actionpack (8.0.1) lib/action_dispatch/http/permissions_policy.rb:38:in `call'
actionpack (8.0.1) lib/action_dispatch/http/content_security_policy.rb:38:in `call'
rack-session (2.1.0) lib/rack/session/abstract/id.rb:274:in `context'
rack-session (2.1.0) lib/rack/session/abstract/id.rb:268:in `call'
actionpack (8.0.1) lib/action_dispatch/middleware/cookies.rb:706:in `call'
actionpack (8.0.1) lib/action_dispatch/middleware/callbacks.rb:31:in `block in call'
activesupport (8.0.1) lib/active_support/callbacks.rb:100:in `run_callbacks'
actionpack (8.0.1) lib/action_dispatch/middleware/callbacks.rb:30:in `call'
actionpack (8.0.1) lib/action_dispatch/middleware/executor.rb:16:in `call'
actionpack (8.0.1) lib/action_dispatch/middleware/actionable_exceptions.rb:18:in `call'
actionpack (8.0.1) lib/action_dispatch/middleware/debug_exceptions.rb:31:in `call'
web-console (4.2.1) lib/web_console/middleware.rb:132:in `call_app'
web-console (4.2.1) lib/web_console/middleware.rb:28:in `block in call'
web-console (4.2.1) lib/web_console/middleware.rb:17:in `catch'
web-console (4.2.1) lib/web_console/middleware.rb:17:in `call'
actionpack (8.0.1) lib/action_dispatch/middleware/show_exceptions.rb:32:in `call'
railties (8.0.1) lib/rails/rack/logger.rb:41:in `call_app'
railties (8.0.1) lib/rails/rack/logger.rb:29:in `call'
actionpack (8.0.1) lib/action_dispatch/middleware/remote_ip.rb:96:in `call'
actionpack (8.0.1) lib/action_dispatch/middleware/request_id.rb:34:in `call'
rack (3.1.10) lib/rack/method_override.rb:28:in `call'
rack (3.1.10) lib/rack/runtime.rb:24:in `call'
actionpack (8.0.1) lib/action_dispatch/middleware/server_timing.rb:61:in `block in call'
actionpack (8.0.1) lib/action_dispatch/middleware/server_timing.rb:26:in `collect_events'
actionpack (8.0.1) lib/action_dispatch/middleware/server_timing.rb:60:in `call'
actionpack (8.0.1) lib/action_dispatch/middleware/executor.rb:16:in `call'
actionpack (8.0.1) lib/action_dispatch/middleware/static.rb:27:in `call'
rack (3.1.10) lib/rack/sendfile.rb:114:in `call'
actionpack (8.0.1) lib/action_dispatch/middleware/host_authorization.rb:143:in `call'
railties (8.0.1) lib/rails/engine.rb:535:in `call'
puma (6.6.0) lib/puma/configuration.rb:279:in `call'
puma (6.6.0) lib/puma/request.rb:99:in `block in handle_request'
puma (6.6.0) lib/puma/thread_pool.rb:390:in `with_force_shutdown'
puma (6.6.0) lib/puma/request.rb:98:in `handle_request'
puma (6.6.0) lib/puma/server.rb:472:in `process_client'
puma (6.6.0) lib/puma/server.rb:254:in `block in run'
puma (6.6.0) lib/puma/thread_pool.rb:167:in `block in spawn_thread'

Information for cause: NameError (uninitialized constant WelcomeController):
  
activesupport (8.0.1) lib/active_support/inflector/methods.rb:290:in `const_get'
activesupport (8.0.1) lib/active_support/inflector/methods.rb:290:in `constantize'
activesupport (8.0.1) lib/active_support/core_ext/string/inflections.rb:74:in `constantize'
actionpack (8.0.1) lib/action_dispatch/http/request.rb:99:in `controller_class_for'
actionpack (8.0.1) lib/action_dispatch/http/request.rb:91:in `controller_class'
actionpack (8.0.1) lib/action_dispatch/routing/route_set.rb:61:in `controller'
actionpack (8.0.1) lib/action_dispatch/routing/route_set.rb:48:in `serve'
actionpack (8.0.1) lib/action_dispatch/journey/router.rb:53:in `block in serve'
actionpack (8.0.1) lib/action_dispatch/journey/router.rb:133:in `block in find_routes'
actionpack (8.0.1) lib/action_dispatch/journey/router.rb:126:in `each'
actionpack (8.0.1) lib/action_dispatch/journey/router.rb:126:in `find_routes'
actionpack (8.0.1) lib/action_dispatch/journey/router.rb:34:in `serve'
actionpack (8.0.1) lib/action_dispatch/routing/route_set.rb:908:in `call'
railties (8.0.1) lib/rails/engine/lazy_route_set.rb:68:in `call'
rack (3.1.10) lib/rack/tempfile_reaper.rb:20:in `call'
rack (3.1.10) lib/rack/etag.rb:29:in `call'
rack (3.1.10) lib/rack/conditional_get.rb:31:in `call'
rack (3.1.10) lib/rack/head.rb:15:in `call'
actionpack (8.0.1) lib/action_dispatch/http/permissions_policy.rb:38:in `call'
actionpack (8.0.1) lib/action_dispatch/http/content_security_policy.rb:38:in `call'
rack-session (2.1.0) lib/rack/session/abstract/id.rb:274:in `context'
rack-session (2.1.0) lib/rack/session/abstract/id.rb:268:in `call'
actionpack (8.0.1) lib/action_dispatch/middleware/cookies.rb:706:in `call'
actionpack (8.0.1) lib/action_dispatch/middleware/callbacks.rb:31:in `block in call'
activesupport (8.0.1) lib/active_support/callbacks.rb:100:in `run_callbacks'
actionpack (8.0.1) lib/action_dispatch/middleware/callbacks.rb:30:in `call'
actionpack (8.0.1) lib/action_dispatch/middleware/executor.rb:16:in `call'
actionpack (8.0.1) lib/action_dispatch/middleware/actionable_exceptions.rb:18:in `call'
actionpack (8.0.1) lib/action_dispatch/middleware/debug_exceptions.rb:31:in `call'
web-console (4.2.1) lib/web_console/middleware.rb:132:in `call_app'
web-console (4.2.1) lib/web_console/middleware.rb:28:in `block in call'
web-console (4.2.1) lib/web_console/middleware.rb:17:in `catch'
web-console (4.2.1) lib/web_console/middleware.rb:17:in `call'
actionpack (8.0.1) lib/action_dispatch/middleware/show_exceptions.rb:32:in `call'
railties (8.0.1) lib/rails/rack/logger.rb:41:in `call_app'
railties (8.0.1) lib/rails/rack/logger.rb:29:in `call'
actionpack (8.0.1) lib/action_dispatch/middleware/remote_ip.rb:96:in `call'
actionpack (8.0.1) lib/action_dispatch/middleware/request_id.rb:34:in `call'
rack (3.1.10) lib/rack/method_override.rb:28:in `call'
rack (3.1.10) lib/rack/runtime.rb:24:in `call'
actionpack (8.0.1) lib/action_dispatch/middleware/server_timing.rb:61:in `block in call'
actionpack (8.0.1) lib/action_dispatch/middleware/server_timing.rb:26:in `collect_events'
actionpack (8.0.1) lib/action_dispatch/middleware/server_timing.rb:60:in `call'
actionpack (8.0.1) lib/action_dispatch/middleware/executor.rb:16:in `call'
actionpack (8.0.1) lib/action_dispatch/middleware/static.rb:27:in `call'
rack (3.1.10) lib/rack/sendfile.rb:114:in `call'
actionpack (8.0.1) lib/action_dispatch/middleware/host_authorization.rb:143:in `call'
railties (8.0.1) lib/rails/engine.rb:535:in `call'
puma (6.6.0) lib/puma/configuration.rb:279:in `call'
puma (6.6.0) lib/puma/request.rb:99:in `block in handle_request'
puma (6.6.0) lib/puma/thread_pool.rb:390:in `with_force_shutdown'
puma (6.6.0) lib/puma/request.rb:98:in `handle_request'
puma (6.6.0) lib/puma/server.rb:472:in `process_client'
puma (6.6.0) lib/puma/server.rb:254:in `block in run'
puma (6.6.0) lib/puma/thread_pool.rb:167:in `block in spawn_thread'
Started GET "/" for 127.0.0.1 at 2025-02-23 14:16:15 +0800
Processing by AboutController#index as HTML
  Rendering layout layouts/application.html.erb
  Rendering about/index.html.erb within layouts/application
  Rendered about/index.html.erb within layouts/application (Duration: 12.8ms | GC: 0.0ms)
  Rendered layout layouts/application.html.erb (Duration: 235.8ms | GC: 0.2ms)
Completed 200 OK in 1577ms (Views: 249.1ms | GC: 0.2ms)


Started GET "/assets/application-9b03b9d9.css" for 127.0.0.1 at 2025-02-23 14:16:17 +0800
Started GET "/assets/application-c40d47fa.js" for 127.0.0.1 at 2025-02-23 14:16:17 +0800
Started GET "/assets/bg_easter-f65ae704.jpg" for 127.0.0.1 at 2025-02-23 14:16:17 +0800
Started GET "/langs/index/en" for 127.0.0.1 at 2025-02-23 14:16:17 +0800
Processing by LangsController#index as */*
  Parameters: {"lang"=>"en"}
No template found for LangsController#index, rendering head :no_content
Completed 204 No Content in 701ms (GC: 0.0ms)


Started GET "/langs/index/cn" for 127.0.0.1 at 2025-02-23 14:16:30 +0800
Processing by LangsController#index as */*
  Parameters: {"lang"=>"cn"}
No template found for LangsController#index, rendering head :no_content
Completed 204 No Content in 619ms (GC: 0.0ms)


Started GET "/langs/index/en" for 127.0.0.1 at 2025-02-23 14:16:36 +0800
Processing by LangsController#index as */*
  Parameters: {"lang"=>"en"}
No template found for LangsController#index, rendering head :no_content
Completed 204 No Content in 600ms (GC: 0.0ms)


Started GET "/assets/application-c40d47fa.js" for 127.0.0.1 at 2025-02-23 14:16:41 +0800
Started GET "/assets/application-9b03b9d9.css" for 127.0.0.1 at 2025-02-23 14:16:41 +0800
